eeschema (22-Jun-2014 BZR 4027)-stable  >> Creation date: Mon 02 May 2016 12:21:30 PM CST
#Cmp ( order = Reference )
| C1         1uF/10V     
| C2         1uF/10V     
| C3         1uF/10V     
| C4         1uF/10V     
| C5         1uF/10V     
| C6         1uF/10V     
| C7         1uF/16V     
| C8         1uF/16V     
| C9         1uF/10V     
| C10        1uF/10V     
| C11        1uF/10V     
| C12        1uF/10V     
| C13        1uF/10V     
| C14        4.7uF       
| C15        100nF       
| C16        4.7uF       
| C17        4.7uF       
| L1         2.2uH       
| R1         442K        
| R2         464K        
| U1         TFT_37PIN   
| U2         C0283QGLD-T 
| U3         TPS65136    
#End Cmp

#Cmp ( order = Value )
| 100nF        C15       
| 1uF/10V      C1        
| 1uF/10V      C2        
| 1uF/10V      C3        
| 1uF/10V      C4        
| 1uF/10V      C5        
| 1uF/10V      C6        
| 1uF/16V      C7        
| 1uF/16V      C8        
| 1uF/10V      C9        
| 1uF/10V      C10       
| 1uF/10V      C11       
| 1uF/10V      C12       
| 1uF/10V      C13       
| 4.7uF        C14       
| 4.7uF        C16       
| 4.7uF        C17       
| 2.2uH        L1        
| 442K         R1        
| 464K         R2        
| C0283QGLD-T  U2        
| TPS65136     U3        
| TFT_37PIN    U1        
#End Cmp

#End List
